<?xml version="1.0" encoding="UTF-8"?>
<!-- Generated by org.testng.reporters.JUnitXMLReporter -->
<testsuite hostname="DESKTOP-J8F1K4P" ignored="0" name="Test" tests="3" failures="0" timestamp="08 Feb 2018 19:26:37 GMT" time="95.441" errors="0">
  <testcase name="fetchFromImdbPage" time="39.378" classname="test_cases.ImdbDataBaseEntryTest"/>
  <testcase name="putDataToDataBase" time="3.211" classname="test_cases.ImdbDataBaseEntryTest"/>
  <testcase name="fetchFromImdbDataBase" time="0.032" classname="test_cases.ImdbDataBaseViewTest"/>
</testsuite> <!-- Test -->
