<?xml version="1.0" encoding="UTF-8"?>
<!-- Generated by org.testng.reporters.JUnitXMLReporter -->
<testsuite hostname="DESKTOP-J8F1K4P" ignored="0" name="Test" tests="3" failures="0" timestamp="10 Feb 2018 08:07:03 GMT" time="121.453" errors="0">
  <testcase name="fetchFromImdbPage" time="29.417" classname="test_cases.ImdbDataBaseEntryTest"/>
  <testcase name="putDataToDataBase" time="48.053" classname="test_cases.ImdbDataBaseEntryTest"/>
  <testcase name="fetchFromImdbDataBase" time="0.04" classname="test_cases.ImdbDataBaseViewTest"/>
</testsuite> <!-- Test -->
